Command line:
   ImageController_isim_beh.exe
     -simmode  gui
     -simrunnum  0
     -socket  63266

Thu Jun 04 00:01:47 2015


 Elaboration Time: 0.078 sec

 Current Memory Usage: 505.356 Meg

 Total Signals          : 17
 Total Nets             : 43
 Total Signal Drivers   : 6
 Total Blocks           : 2
 Total Primitive Blocks : 2
 Total Processes        : 8
 Total Traceable Variables  : 19
 Total Scalar Nets and Variables : 131
Total Line Count : 17

 Total Simulation Time: 0.265202 sec

 Current Memory Usage: 505.356 Meg

Thu Jun 04 00:02:48 2015

