INFO:sim:172 - Generating IP...
Applying current project options...
Finished applying current project options.
WARNING:sim - A core named 'img_buffer' already exists in the project. Output
   products for this core may be overwritten.
Resolving generics for 'img_buffer'...
WARNING:sim - A core named 'img_buffer' already exists in the project. Output
   products for this core may be overwritten.
Applying external generics to 'img_buffer'...
Delivering associated files for 'img_buffer'...
WARNING:sim - Can't find 'Verilog' synthesis view; using general synthesis view
Delivering EJava files for 'img_buffer'...
Generating implementation netlist for 'img_buffer'...
INFO:sim - Pre-processing HDL files for 'img_buffer'...
Running synthesis for 'img_buffer'
Running ngcbuild...
Writing VEO instantiation template for 'img_buffer'...
Writing Verilog behavioral simulation model for 'img_buffer'...
Generating ASY schematic symbol...
INFO:sim:949 - Finished generation of ASY schematic symbol.
Generating SYM schematic symbol for 'img_buffer'...
Generating metadata file...
Generating ISE project...
XCO file found: img_buffer.xco
XMDF file found: img_buffer_xmdf.tcl
Adding
C:/VGAProject/SimpleImage2Vga/ipcore_dir/tmp/_cg/blk_mem_gen_v6_3_readme.txt
-view all -origin_type imported
Adding C:/VGAProject/SimpleImage2Vga/ipcore_dir/tmp/_cg/img_buffer.asy -view all
-origin_type imported
Adding C:/VGAProject/SimpleImage2Vga/ipcore_dir/tmp/_cg/img_buffer.ngc -view all
-origin_type created
Checking file "C:/VGAProject/SimpleImage2Vga/ipcore_dir/tmp/_cg/img_buffer.ngc"
for project device match ...
File "C:/VGAProject/SimpleImage2Vga/ipcore_dir/tmp/_cg/img_buffer.ngc" device
information matches project device.
Adding C:/VGAProject/SimpleImage2Vga/ipcore_dir/tmp/_cg/img_buffer.sym -view all
-origin_type imported
Adding C:/VGAProject/SimpleImage2Vga/ipcore_dir/tmp/_cg/img_buffer.v -view all
-origin_type created
INFO:HDLCompiler:1845 - Analyzing Verilog file
   "C:/VGAProject/SimpleImage2Vga/ipcore_dir/tmp/_cg/img_buffer.v" into library
   work
INFO:ProjectMgmt - Parsing design hierarchy completed successfully.
Adding C:/VGAProject/SimpleImage2Vga/ipcore_dir/tmp/_cg/img_buffer.veo -view all
-origin_type imported
INFO:TclTasksC:2116 - The automatic calculation of top has been turned-off.
   Please set the new top explicitly by running the "project set top" command.
   To re-calculate the new top automatically, set the "Auto Implementation Top"
   property to true.
Top level has been set to "/img_buffer"
Generating README file...
Generating FLIST file...
INFO:sim:948 - Finished FLIST file generation.
Launching README viewer...
Moving files to output directory...
Finished moving files to output directory
Wrote CGP file for project 'img_buffer'.
