Command line:
   TopModule_isim_beh.exe
     -simmode  gui
     -simrunnum  0
     -socket  51781

Thu Jun 04 01:01:32 2015


 Elaboration Time: 0.0936 sec

 Current Memory Usage: 505.434 Meg

 Total Signals          : 185
 Total Nets             : 573
 Total Signal Drivers   : 75
 Total Blocks           : 21
 Total Primitive Blocks : 16
 Total Processes        : 91
 Total Traceable Variables  : 350
 Total Scalar Nets and Variables : 248208
Total Line Count : 449

 Total Simulation Time: 0.452402 sec

 Current Memory Usage: 505.434 Meg

Thu Jun 04 01:02:06 2015

