Command line:
   DriverFixture_isim_beh.exe
     -simmode  gui
     -simrunnum  0
     -socket  63205

Wed Jun 03 23:53:43 2015


 Elaboration Time: 0.078 sec

 Current Memory Usage: 505.36 Meg

 Total Signals          : 24
 Total Nets             : 52
 Total Signal Drivers   : 12
 Total Blocks           : 3
 Total Primitive Blocks : 2
 Total Processes        : 19
 Total Traceable Variables  : 36
 Total Scalar Nets and Variables : 554
Total Line Count : 46

 Total Simulation Time: 18.9385 sec

 Current Memory Usage: 505.36 Meg

Wed Jun 03 23:54:52 2015

