Command line:
   TopModuleFixture_isim_beh.exe
     -simmode  gui
     -simrunnum  0
     -socket  56664

Fri Jun 05 15:25:08 2015


 Elaboration Time: 0.109201 sec

 Current Memory Usage: 505.434 Meg

 Total Signals          : 189
 Total Nets             : 577
 Total Signal Drivers   : 76
 Total Blocks           : 22
 Total Primitive Blocks : 16
 Total Processes        : 94
 Total Traceable Variables  : 351
 Total Scalar Nets and Variables : 248213
Total Line Count : 453

 Total Simulation Time: 19.9525 sec

 Current Memory Usage: 505.434 Meg

Fri Jun 05 15:53:55 2015

